<?xml version="1.0" encoding="UTF-8"?>
<testng-results skipped="0" failed="0" ignored="0" total="1" passed="1">
  <reporter-output>
  </reporter-output>
  <suite name="Default suite" duration-ms="16040" started-at="2019-01-28T06:32:29Z" finished-at="2019-01-28T06:32:45Z">
    <groups>
    </groups>
    <test name="Default test" duration-ms="16040" started-at="2019-01-28T06:32:29Z" finished-at="2019-01-28T06:32:45Z">
      <class name="com.karvy.courier.test.service.CollegeServiceImplTest">
        <test-method status="PASS" signature="beforeClass()[pri:0, instance:com.karvy.courier.test.service.CollegeServiceImplTest@11d8ae8b]" name="beforeClass" is-config="true" duration-ms="885" started-at="2019-01-28T06:32:29Z" finished-at="2019-01-28T06:32:30Z">
          <reporter-output>
          </reporter-output>
        </test-method> <!-- beforeClass -->
        <test-method status="PASS" signature="getCollegeListTest()[pri:0, instance:com.karvy.courier.test.service.CollegeServiceImplTest@11d8ae8b]" name="getCollegeListTest" duration-ms="15129" started-at="2019-01-28T06:32:30Z" finished-at="2019-01-28T06:32:45Z">
          <reporter-output>
          </reporter-output>
        </test-method> <!-- getCollegeListTest -->
      </class> <!-- com.karvy.courier.test.service.CollegeServiceImplTest -->
    </test> <!-- Default test -->
  </suite> <!-- Default suite -->
</testng-results>
